<?xml version="1.0" encoding="UTF-8"?>
<!-- Generated by org.testng.reporters.JUnitReportReporter -->
<testsuite hostname="Laptop" failures="0" tests="1" name="Pages.Testcase_4" time="4.501" errors="0" timestamp="2024-01-29T17:17:36 IST" skipped="0">
  <testcase classname="Pages.Testcase_4" name="test" time="4.501"/>
</testsuite> <!-- Pages.Testcase_4 -->
