<?xml version="1.0" encoding="UTF-8"?>
<!-- Generated by org.testng.reporters.JUnitReportReporter -->
<testsuite hostname="Laptop" failures="0" tests="1" name="Pages.Testcase_5" time="2.485" errors="0" timestamp="2024-01-29T17:28:12 IST" skipped="0">
  <testcase classname="Pages.Testcase_5" name="test" time="2.485"/>
</testsuite> <!-- Pages.Testcase_5 -->
