<?xml version="1.0" encoding="UTF-8"?>
<!-- Generated by org.testng.reporters.JUnitReportReporter -->
<testsuite hostname="Laptop" failures="0" tests="1" name="Pages.Testcase_19" time="3.229" errors="0" timestamp="2024-01-30T23:24:48 IST" skipped="0">
  <testcase classname="Pages.Testcase_19" name="test" time="3.229"/>
</testsuite> <!-- Pages.Testcase_19 -->
