<?xml version="1.0" encoding="UTF-8"?>
<!-- Generated by org.testng.reporters.JUnitReportReporter -->
<testsuite hostname="Laptop" failures="0" tests="1" name="Pages.Testcase_18" time="8.145" errors="0" timestamp="2024-01-30T23:16:57 IST" skipped="0">
  <testcase classname="Pages.Testcase_18" name="test" time="8.145"/>
</testsuite> <!-- Pages.Testcase_18 -->
