<?xml version="1.0" encoding="UTF-8"?>
<!-- Generated by org.testng.reporters.JUnitReportReporter -->
<testsuite hostname="Laptop" failures="0" tests="1" name="Pages.Testcase_7" time="3.122" errors="0" timestamp="2024-01-29T17:54:13 IST" skipped="0">
  <testcase classname="Pages.Testcase_7" name="test" time="3.122"/>
</testsuite> <!-- Pages.Testcase_7 -->
