<?xml version="1.0" encoding="UTF-8"?>
<!-- Generated by org.testng.reporters.JUnitReportReporter -->
<testsuite hostname="Laptop" failures="0" tests="1" name="Pages.Testcase_17" time="2.609" errors="0" timestamp="2024-01-30T23:13:26 IST" skipped="0">
  <testcase classname="Pages.Testcase_17" name="test" time="2.609"/>
</testsuite> <!-- Pages.Testcase_17 -->
