<?xml version="1.0" encoding="UTF-8"?>
<!-- Generated by org.testng.reporters.JUnitReportReporter -->
<testsuite hostname="Laptop" failures="0" tests="1" name="Pages.Testcase_2" time="8.958" errors="0" timestamp="2024-01-29T15:30:50 IST" skipped="0">
  <testcase classname="Pages.Testcase_2" name="test" time="8.958"/>
</testsuite> <!-- Pages.Testcase_2 -->
