<?xml version="1.0" encoding="UTF-8"?>
<!-- Generated by org.testng.reporters.JUnitReportReporter -->
<testsuite hostname="Laptop" failures="0" tests="1" name="Pages.Testcase_14" time="32.411" errors="0" timestamp="2024-01-30T13:21:54 IST" skipped="0">
  <testcase classname="Pages.Testcase_14" name="test" time="32.411"/>
</testsuite> <!-- Pages.Testcase_14 -->
