<?xml version="1.0" encoding="UTF-8"?>
<!-- Generated by org.testng.reporters.JUnitReportReporter -->
<testsuite hostname="Laptop" failures="0" tests="1" name="Pages.Testcase_3" time="1.573" errors="0" timestamp="2024-01-29T15:36:21 IST" skipped="0">
  <testcase classname="Pages.Testcase_3" name="test" time="1.573"/>
</testsuite> <!-- Pages.Testcase_3 -->
