<?xml version="1.0" encoding="UTF-8"?>
<!-- Generated by org.testng.reporters.JUnitReportReporter -->
<testsuite hostname="Laptop" failures="0" tests="1" name="Pages.Testcase_11" time="0.395" errors="0" timestamp="2024-01-29T22:17:13 IST" skipped="0">
  <testcase classname="Pages.Testcase_11" name="test" time="0.395"/>
</testsuite> <!-- Pages.Testcase_11 -->
