<?xml version="1.0" encoding="UTF-8"?>
<!-- Generated by org.testng.reporters.JUnitReportReporter -->
<testsuite hostname="Laptop" failures="0" tests="1" name="Pages.Testcase_9" time="5.368" errors="0" timestamp="2024-01-29T18:10:16 IST" skipped="0">
  <testcase classname="Pages.Testcase_9" name="test" time="5.368"/>
</testsuite> <!-- Pages.Testcase_9 -->
