<?xml version="1.0" encoding="UTF-8"?>
<!-- Generated by org.testng.reporters.JUnitReportReporter -->
<testsuite hostname="Laptop" failures="0" tests="1" name="Pages.Testcase_1" time="23.438" errors="0" timestamp="2024-01-30T18:43:01 IST" skipped="0">
  <testcase classname="Pages.Testcase_1" name="Test" time="23.438"/>
</testsuite> <!-- Pages.Testcase_1 -->
