<?xml version="1.0" encoding="UTF-8"?>
<!-- Generated by org.testng.reporters.JUnitReportReporter -->
<testsuite hostname="Laptop" failures="0" tests="1" name="Pages.Testcase_13" time="3.341" errors="0" timestamp="2024-01-29T23:15:54 IST" skipped="0">
  <testcase classname="Pages.Testcase_13" name="test" time="3.341"/>
</testsuite> <!-- Pages.Testcase_13 -->
