<?xml version="1.0" encoding="UTF-8"?>
<!-- Generated by org.testng.reporters.JUnitReportReporter -->
<testsuite hostname="Laptop" failures="0" tests="1" name="Pages.Testcase_6" time="5.581" errors="0" timestamp="2024-01-29T17:49:31 IST" skipped="0">
  <testcase classname="Pages.Testcase_6" name="test" time="5.581"/>
</testsuite> <!-- Pages.Testcase_6 -->
