<?xml version="1.0" encoding="UTF-8"?>
<!-- Generated by org.testng.reporters.JUnitReportReporter -->
<testsuite hostname="Laptop" failures="0" tests="1" name="Pages.Testcase_10" time="1.300" errors="0" timestamp="2024-01-29T18:20:20 IST" skipped="0">
  <testcase classname="Pages.Testcase_10" name="test" time="1.300"/>
</testsuite> <!-- Pages.Testcase_10 -->
