<?xml version="1.0" encoding="UTF-8"?>
<!-- Generated by org.testng.reporters.JUnitReportReporter -->
<testsuite hostname="Laptop" failures="0" tests="1" name="Pages.Testcase_20" time="7.760" errors="0" timestamp="2024-01-30T23:35:13 IST" skipped="0">
  <testcase classname="Pages.Testcase_20" name="test" time="7.760"/>
</testsuite> <!-- Pages.Testcase_20 -->
